0 info it worked if it ends with ok
1 verbose cli [ 'C:\\nodejs\\node.exe',
1 verbose cli   'C:\\nodejs\\node_modules\\npm\\bin\\npm-cli.js',
1 verbose cli   'install',
1 verbose cli   '-g',
1 verbose cli   'nodeblogger' ]
2 info using npm@2.14.4
3 info using node@v4.1.1
4 verbose install initial load of C:\Users\admin\AppData\Roaming\npm\package.json
5 verbose readDependencies loading dependencies from C:\Users\admin\AppData\Roaming\npm\package.json
6 silly cache add args [ 'nodeblogger', null ]
7 verbose cache add spec nodeblogger
8 silly cache add parsed spec Result {
8 silly cache add   raw: 'nodeblogger',
8 silly cache add   scope: null,
8 silly cache add   name: 'nodeblogger',
8 silly cache add   rawSpec: '',
8 silly cache add   spec: '*',
8 silly cache add   type: 'range' }
9 silly addNamed nodeblogger@*
10 verbose addNamed "*" is a valid semver range for nodeblogger
11 silly addNameRange { name: 'nodeblogger', range: '*', hasData: false }
12 silly mapToRegistry name nodeblogger
13 silly mapToRegistry using default registry
14 silly mapToRegistry registry https://registry.npmjs.org/
15 silly mapToRegistry uri https://registry.npmjs.org/nodeblogger
16 verbose addNameRange registry:https://registry.npmjs.org/nodeblogger not in flight; fetching
17 verbose request uri https://registry.npmjs.org/nodeblogger
18 verbose request no auth needed
19 info attempt registry request try #1 at 22:43:05
20 verbose request id 0ac0732272e1995f
21 http request GET https://registry.npmjs.org/nodeblogger
22 http 404 https://registry.npmjs.org/nodeblogger
23 verbose headers { 'content-type': 'application/json',
23 verbose headers   'cache-control': 'max-age=0',
23 verbose headers   'content-length': '2',
23 verbose headers   'accept-ranges': 'bytes',
23 verbose headers   date: 'Sun, 18 Oct 2015 20:43:07 GMT',
23 verbose headers   via: '1.1 varnish',
23 verbose headers   age: '0',
23 verbose headers   connection: 'keep-alive',
23 verbose headers   'x-served-by': 'cache-fra1231-FRA',
23 verbose headers   'x-cache': 'MISS',
23 verbose headers   'x-cache-hits': '0',
23 verbose headers   'x-timer': 'S1445200986.914953,VS0,VE176' }
24 silly get cb [ 404,
24 silly get   { 'content-type': 'application/json',
24 silly get     'cache-control': 'max-age=0',
24 silly get     'content-length': '2',
24 silly get     'accept-ranges': 'bytes',
24 silly get     date: 'Sun, 18 Oct 2015 20:43:07 GMT',
24 silly get     via: '1.1 varnish',
24 silly get     age: '0',
24 silly get     connection: 'keep-alive',
24 silly get     'x-served-by': 'cache-fra1231-FRA',
24 silly get     'x-cache': 'MISS',
24 silly get     'x-cache-hits': '0',
24 silly get     'x-timer': 'S1445200986.914953,VS0,VE176' } ]
25 verbose stack Error: Registry returned 404 for GET on https://registry.npmjs.org/nodeblogger
25 verbose stack     at makeError (C:\nodejs\node_modules\npm\node_modules\npm-registry-client\lib\request.js:263:12)
25 verbose stack     at CachingRegistryClient.<anonymous> (C:\nodejs\node_modules\npm\node_modules\npm-registry-client\lib\request.js:241:14)
25 verbose stack     at Request._callback (C:\nodejs\node_modules\npm\node_modules\npm-registry-client\lib\request.js:171:14)
25 verbose stack     at Request.self.callback (C:\nodejs\node_modules\npm\node_modules\request\request.js:198:22)
25 verbose stack     at emitTwo (events.js:87:13)
25 verbose stack     at Request.emit (events.js:172:7)
25 verbose stack     at Request.<anonymous> (C:\nodejs\node_modules\npm\node_modules\request\request.js:1073:14)
25 verbose stack     at emitOne (events.js:82:20)
25 verbose stack     at Request.emit (events.js:169:7)
25 verbose stack     at IncomingMessage.<anonymous> (C:\nodejs\node_modules\npm\node_modules\request\request.js:1019:12)
26 verbose statusCode 404
27 verbose pkgid nodeblogger
28 verbose cwd C:\Sites\learnyounode
29 error Windows_NT 6.1.7601
30 error argv "C:\\nodejs\\node.exe" "C:\\nodejs\\node_modules\\npm\\bin\\npm-cli.js" "install" "-g" "nodeblogger"
31 error node v4.1.1
32 error npm  v2.14.4
33 error code E404
34 error 404 Registry returned 404 for GET on https://registry.npmjs.org/nodeblogger
34 error 404
34 error 404 'nodeblogger' is not in the npm registry.
34 error 404 You should bug the author to publish it (or use the name yourself!)
34 error 404
34 error 404 Note that you can also install from a
34 error 404 tarball, folder, http url, or git url.
35 verbose exit [ 1, true ]
